0 info it worked if it ends with ok
1 verbose cli [ 'node', '/usr/local/bin/npm', 'install', '-g', 'flightplan' ]
2 info using npm@1.4.28
3 info using node@v0.10.32
4 verbose cache add [ 'flightplan', null ]
5 verbose cache add name=undefined spec="flightplan" args=["flightplan",null]
6 verbose parsed url { protocol: null,
6 verbose parsed url   slashes: null,
6 verbose parsed url   auth: null,
6 verbose parsed url   host: null,
6 verbose parsed url   port: null,
6 verbose parsed url   hostname: null,
6 verbose parsed url   hash: null,
6 verbose parsed url   search: null,
6 verbose parsed url   query: null,
6 verbose parsed url   pathname: 'flightplan',
6 verbose parsed url   path: 'flightplan',
6 verbose parsed url   href: 'flightplan' }
7 silly lockFile b44a8fdf-flightplan flightplan
8 verbose lock flightplan /Users/Justin/.npm/b44a8fdf-flightplan.lock
9 silly lockFile b44a8fdf-flightplan flightplan
10 silly lockFile b44a8fdf-flightplan flightplan
11 verbose addNamed [ 'flightplan', '' ]
12 verbose addNamed [ null, '*' ]
13 silly lockFile 08282d64-flightplan flightplan@
14 verbose lock flightplan@ /Users/Justin/.npm/08282d64-flightplan.lock
15 silly addNameRange { name: 'flightplan', range: '*', hasData: false }
16 verbose request where is /flightplan
17 verbose request registry https://registry.npmjs.org/
18 verbose request id 5fce234bb661506b
19 verbose url raw /flightplan
20 verbose url resolving [ 'https://registry.npmjs.org/', './flightplan' ]
21 verbose url resolved https://registry.npmjs.org/flightplan
22 verbose request where is https://registry.npmjs.org/flightplan
23 info trying registry request attempt 1 at 15:02:22
24 verbose etag "6DH8486QRQFXG2GX30VM7JNSQ"
25 http GET https://registry.npmjs.org/flightplan
26 http 304 https://registry.npmjs.org/flightplan
27 silly registry.get cb [ 304,
27 silly registry.get   { date: 'Mon, 09 Feb 2015 23:02:22 GMT',
27 silly registry.get     server: 'Apache',
27 silly registry.get     via: '1.1 varnish',
27 silly registry.get     'last-modified': 'Mon, 09 Feb 2015 23:02:22 GMT',
27 silly registry.get     'cache-control': 'max-age=60',
27 silly registry.get     etag: '"6DH8486QRQFXG2GX30VM7JNSQ"',
27 silly registry.get     age: '0',
27 silly registry.get     'x-served-by': 'cache-sjc3120-SJC',
27 silly registry.get     'x-cache': 'MISS',
27 silly registry.get     'x-cache-hits': '0',
27 silly registry.get     'x-timer': 'S1423522942.293217,VS0,VE43',
27 silly registry.get     vary: 'Accept',
27 silly registry.get     'content-length': '0',
27 silly registry.get     'keep-alive': 'timeout=10, max=50',
27 silly registry.get     connection: 'Keep-Alive' } ]
28 verbose etag https://registry.npmjs.org/flightplan from cache
29 silly addNameRange number 2 { name: 'flightplan', range: '*', hasData: true }
30 silly addNameRange versions [ 'flightplan',
30 silly addNameRange   [ '0.1.0-rc1',
30 silly addNameRange     '0.1.0-rc2',
30 silly addNameRange     '0.1.0',
30 silly addNameRange     '0.1.1',
30 silly addNameRange     '0.1.2',
30 silly addNameRange     '0.1.3',
30 silly addNameRange     '0.1.4',
30 silly addNameRange     '0.1.5',
30 silly addNameRange     '0.1.6',
30 silly addNameRange     '0.1.7',
30 silly addNameRange     '0.1.8',
30 silly addNameRange     '0.1.9',
30 silly addNameRange     '0.1.10',
30 silly addNameRange     '0.2.0',
30 silly addNameRange     '0.3.0',
30 silly addNameRange     '0.3.1',
30 silly addNameRange     '0.3.2',
30 silly addNameRange     '0.3.3',
30 silly addNameRange     '0.3.4',
30 silly addNameRange     '0.4.0',
30 silly addNameRange     '0.4.1',
30 silly addNameRange     '0.4.2',
30 silly addNameRange     '0.4.3',
30 silly addNameRange     '0.4.4',
30 silly addNameRange     '0.4.5',
30 silly addNameRange     '0.5.0',
30 silly addNameRange     '0.5.1',
30 silly addNameRange     '0.5.2',
30 silly addNameRange     '0.5.3',
30 silly addNameRange     '0.5.4',
30 silly addNameRange     '0.5.5',
30 silly addNameRange     '0.5.6',
30 silly addNameRange     '0.6.0' ] ]
31 verbose addNamed [ 'flightplan', '0.6.0' ]
32 verbose addNamed [ '0.6.0', '0.6.0' ]
33 silly lockFile 41044c0a-flightplan-0-6-0 flightplan@0.6.0
34 verbose lock flightplan@0.6.0 /Users/Justin/.npm/41044c0a-flightplan-0-6-0.lock
35 silly lockFile 41044c0a-flightplan-0-6-0 flightplan@0.6.0
36 silly lockFile 41044c0a-flightplan-0-6-0 flightplan@0.6.0
37 silly lockFile 08282d64-flightplan flightplan@
38 silly lockFile 08282d64-flightplan flightplan@
39 silly resolved [ { name: 'flightplan',
39 silly resolved     description: 'Library for streamlining application deployment or systems administration tasks',
39 silly resolved     version: '0.6.0',
39 silly resolved     author: { name: 'Patrick Stadler', email: 'patrick.stadler@gmail.com' },
39 silly resolved     keywords:
39 silly resolved      [ 'deploy',
39 silly resolved        'deployment',
39 silly resolved        'commands',
39 silly resolved        'devops',
39 silly resolved        'exec',
39 silly resolved        'shell',
39 silly resolved        'bash',
39 silly resolved        'ssh',
39 silly resolved        'tasks',
39 silly resolved        'parallel',
39 silly resolved        'sequential',
39 silly resolved        'remote',
39 silly resolved        'local',
39 silly resolved        'cloud',
39 silly resolved        'fabric' ],
39 silly resolved     homepage: 'https://github.com/pstadler/flightplan',
39 silly resolved     repository: { type: 'git', url: 'https://github.com/pstadler/flightplan' },
39 silly resolved     bugs: { url: 'https://github.com/pstadler/flightplan/issues' },
39 silly resolved     bin: { fly: './bin/fly.js' },
39 silly resolved     scripts: { test: 'echo "Error: no test specified" && exit 1' },
39 silly resolved     dependencies:
39 silly resolved      { byline: '^4.1.1',
39 silly resolved        chalk: '^0.5.1',
39 silly resolved        fibers: '^1.0.5',
39 silly resolved        interpret: '^0.4.2',
39 silly resolved        liftoff: '^2.0.0',
39 silly resolved        nopt: '^3.0.1',
39 silly resolved        'pretty-hrtime': '^1.0.0',
39 silly resolved        prompt: '^0.2.14',
39 silly resolved        semver: '^4.2.0',
39 silly resolved        ssh2: '^0.3.6',
39 silly resolved        'temp-write': '^1.1.0',
39 silly resolved        'util-extend': '^1.0.1',
39 silly resolved        v8flags: '^2.0.2' },
39 silly resolved     license: 'MIT',
39 silly resolved     devDependencies:
39 silly resolved      { gulp: '^3.8.10',
39 silly resolved        'gulp-jshint': '^1.9.0',
39 silly resolved        'jshint-stylish': '^1.0.0',
39 silly resolved        markdox: '^0.1.8' },
39 silly resolved     gitHead: '6322d461bbe0b4218c393c82c76d9f0c2af308fa',
39 silly resolved     _id: 'flightplan@0.6.0',
39 silly resolved     _shasum: '9c1965c18c6fae0d4b797f507604d0767f0fc8b5',
39 silly resolved     _from: 'flightplan@',
39 silly resolved     _npmVersion: '2.2.0',
39 silly resolved     _nodeVersion: '0.10.35',
39 silly resolved     _npmUser: { name: 'pstadler', email: 'patrick.stadler@gmail.com' },
39 silly resolved     maintainers: [ [Object] ],
39 silly resolved     dist:
39 silly resolved      { shasum: '9c1965c18c6fae0d4b797f507604d0767f0fc8b5',
39 silly resolved        tarball: 'http://registry.npmjs.org/flightplan/-/flightplan-0.6.0.tgz' },
39 silly resolved     directories: {},
39 silly resolved     _resolved: 'https://registry.npmjs.org/flightplan/-/flightplan-0.6.0.tgz',
39 silly resolved     readme: 'ERROR: No README data found!' } ]
40 info install flightplan@0.6.0 into /usr/local/lib
41 info installOne flightplan@0.6.0
42 verbose lib/node_modules/flightplan unbuild
43 verbose tar unpack /Users/Justin/.npm/flightplan/0.6.0/package.tgz
44 silly lockFile c6ccae11-ocal-lib-node-modules-flightplan tar:///usr/local/lib/node_modules/flightplan
45 verbose lock tar:///usr/local/lib/node_modules/flightplan /Users/Justin/.npm/c6ccae11-ocal-lib-node-modules-flightplan.lock
46 silly lockFile 8a3cb8de-npm-flightplan-0-6-0-package-tgz tar:///Users/Justin/.npm/flightplan/0.6.0/package.tgz
47 verbose lock tar:///Users/Justin/.npm/flightplan/0.6.0/package.tgz /Users/Justin/.npm/8a3cb8de-npm-flightplan-0-6-0-package-tgz.lock
48 silly gunzTarPerm modes [ '755', '644' ]
49 error Error: EACCES, mkdir '/usr/local/lib/node_modules/flightplan'
49 error  { [Error: EACCES, mkdir '/usr/local/lib/node_modules/flightplan']
49 error   errno: 3,
49 error   code: 'EACCES',
49 error   path: '/usr/local/lib/node_modules/flightplan',
49 error   fstream_type: 'Directory',
49 error   fstream_path: '/usr/local/lib/node_modules/flightplan',
49 error   fstream_class: 'DirWriter',
49 error   fstream_stack:
49 error    [ '/usr/local/lib/node_modules/npm/node_modules/fstream/lib/dir-writer.js:36:23',
49 error      '/usr/local/lib/node_modules/npm/node_modules/mkdirp/index.js:46:53',
49 error      'Object.oncomplete (fs.js:107:15)' ] }
50 error Please try running this command again as root/Administrator.
51 error System Darwin 14.0.0
52 error command "node" "/usr/local/bin/npm" "install" "-g" "flightplan"
53 error cwd /Users/Justin/Documents/CMVP/selfstart-concierge
54 error node -v v0.10.32
55 error npm -v 1.4.28
56 error path /usr/local/lib/node_modules/flightplan
57 error fstream_path /usr/local/lib/node_modules/flightplan
58 error fstream_type Directory
59 error fstream_class DirWriter
60 error code EACCES
61 error errno 3
62 error stack Error: EACCES, mkdir '/usr/local/lib/node_modules/flightplan'
63 error fstream_stack /usr/local/lib/node_modules/npm/node_modules/fstream/lib/dir-writer.js:36:23
63 error fstream_stack /usr/local/lib/node_modules/npm/node_modules/mkdirp/index.js:46:53
63 error fstream_stack Object.oncomplete (fs.js:107:15)
64 verbose exit [ 3, true ]
